<?xml version="1.0" encoding="UTF-8"?>
<!-- Generated by org.testng.reporters.JUnitReportReporter -->
<testsuite hostname="LAPTOP-H57ECAI7" failures="0" tests="1" name="com.qa.demo.Test.NinjaTest" time="5.995" errors="0" timestamp="2022-02-22T19:51:43 IST" skipped="0">
  <testcase classname="com.qa.demo.Test.NinjaTest" name="test" time="5.995"/>
  <system-out/>
</testsuite> <!-- com.qa.demo.Test.NinjaTest -->
