<?xml version="1.0" encoding="UTF-8"?>
<!-- Generated by org.testng.reporters.JUnitReportReporter -->
<testsuite hostname="LAPTOP-H57ECAI7" failures="0" tests="1" name="com.qa.demo.App" time="0.006" errors="0" timestamp="2022-02-22T17:48:20 IST" skipped="0">
  <testcase classname="com.qa.demo.App" name="cart" time="0.006"/>
  <system-out/>
</testsuite> <!-- com.qa.demo.App -->
