<?xml version="1.0" encoding="UTF-8"?>
<!-- Generated by org.testng.reporters.JUnitReportReporter -->
<testsuite hostname="LAPTOP-H57ECAI7" failures="0" tests="1" name="com.qa.demo.saucedemo" time="5.336" errors="0" timestamp="2022-02-22T17:25:42 IST" skipped="0">
  <testcase classname="com.qa.demo.saucedemo" name="sauceTest" time="5.336"/>
  <system-out/>
</testsuite> <!-- com.qa.demo.saucedemo -->
